2015-04-22 09:28:57.944 TeacherNotepad2[8261:874844] DiskCookieStorage changing policy from 2 to 0, cookie file: file:///Users/johnfriedman/Library/Developer/CoreSimulator/Devices/C0948363-4303-4EC0-8071-2ED946B40E48/data/Containers/Data/Application/19692426-A8C3-41EB-BA7B-1BDBB6DB11A8/Library/Cookies/Cookies.binarycookies
2015-04-22 09:28:58.283 TeacherNotepad2[8261:874844] Apache Cordova native platform version 3.8.0 is starting.
2015-04-22 09:28:58.284 TeacherNotepad2[8261:874844] Multi-tasking -> Device: YES, App: YES
2015-04-22 09:28:58.315 TeacherNotepad2[8261:874844] Unlimited access to network resources
2015-04-22 09:28:58.334 TeacherNotepad2[8261:874844] 

Started backup to iCloud! Please be careful.
Your application might be rejected by Apple if you store too much data.
For more information please read "iOS Data Storage Guidelines" at:
https://developer.apple.com/icloud/documentation/data-storage/
To disable web storage backup to iCloud, set the BackupWebStorage preference to "local" in the Cordova config.xml file

2015-04-22 09:28:59.128 TeacherNotepad2[8261:874844] Resetting plugins due to page load.
2015-04-22 09:28:59.981 TeacherNotepad2[8261:874844] Finished load of: file:///Users/johnfriedman/Library/Developer/CoreSimulator/Devices/C0948363-4303-4EC0-8071-2ED946B40E48/data/Containers/Bundle/Application/BF48D391-137F-4EBC-90C2-5A7BFAAD5651/TeacherNotepad2.app/www/index.html
2015-04-22 09:29:39.004 TeacherNotepad2[8261:875561] Terminating since there is no system app.
2015-04-22 09:30:07.806 TeacherNotepad2[8520:876974] DiskCookieStorage changing policy from 2 to 0, cookie file: file:///Users/johnfriedman/Library/Developer/CoreSimulator/Devices/C0948363-4303-4EC0-8071-2ED946B40E48/data/Containers/Data/Application/A40A3030-0D5F-4F20-A84D-C7833BEBAD2F/Library/Cookies/Cookies.binarycookies
2015-04-22 09:30:07.921 TeacherNotepad2[8520:876974] Apache Cordova native platform version 3.8.0 is starting.
2015-04-22 09:30:07.921 TeacherNotepad2[8520:876974] Multi-tasking -> Device: YES, App: YES
2015-04-22 09:30:07.923 TeacherNotepad2[8520:876974] Unlimited access to network resources
2015-04-22 09:30:07.925 TeacherNotepad2[8520:876974] 

Started backup to iCloud! Please be careful.
Your application might be rejected by Apple if you store too much data.
For more information please read "iOS Data Storage Guidelines" at:
https://developer.apple.com/icloud/documentation/data-storage/
To disable web storage backup to iCloud, set the BackupWebStorage preference to "local" in the Cordova config.xml file

2015-04-22 09:30:08.040 TeacherNotepad2[8520:876974] Resetting plugins due to page load.
2015-04-22 09:30:08.555 TeacherNotepad2[8520:876974] Finished load of: file:///Users/johnfriedman/Library/Developer/CoreSimulator/Devices/C0948363-4303-4EC0-8071-2ED946B40E48/data/Containers/Bundle/Application/7C5F0950-1C71-42CB-A449-4C4149808C79/TeacherNotepad2.app/www/index.html
2015-04-22 09:30:29.761 TeacherNotepad2[8520:877175] Terminating since there is no system app.
2015-04-22 09:35:49.598 TeacherNotepad2[8896:883117] DiskCookieStorage changing policy from 2 to 0, cookie file: file:///Users/johnfriedman/Library/Developer/CoreSimulator/Devices/C0948363-4303-4EC0-8071-2ED946B40E48/data/Containers/Data/Application/CDBA1002-5651-439D-97E3-92AC16385F34/Library/Cookies/Cookies.binarycookies
2015-04-22 09:35:49.719 TeacherNotepad2[8896:883117] Apache Cordova native platform version 3.8.0 is starting.
2015-04-22 09:35:49.719 TeacherNotepad2[8896:883117] Multi-tasking -> Device: YES, App: YES
2015-04-22 09:35:49.721 TeacherNotepad2[8896:883117] Unlimited access to network resources
2015-04-22 09:35:49.723 TeacherNotepad2[8896:883117] 

Started backup to iCloud! Please be careful.
Your application might be rejected by Apple if you store too much data.
For more information please read "iOS Data Storage Guidelines" at:
https://developer.apple.com/icloud/documentation/data-storage/
To disable web storage backup to iCloud, set the BackupWebStorage preference to "local" in the Cordova config.xml file

2015-04-22 09:35:49.830 TeacherNotepad2[8896:883117] Resetting plugins due to page load.
2015-04-22 09:35:50.268 TeacherNotepad2[8896:883117] Finished load of: file:///Users/johnfriedman/Library/Developer/CoreSimulator/Devices/C0948363-4303-4EC0-8071-2ED946B40E48/data/Containers/Bundle/Application/A8866B0D-9C19-4DB9-A760-7D60501D6647/TeacherNotepad2.app/www/index.html
2015-04-22 09:37:06.513 TeacherNotepad2[9136:884855] DiskCookieStorage changing policy from 2 to 0, cookie file: file:///Users/johnfriedman/Library/Developer/CoreSimulator/Devices/0DCE7205-9A8E-46C0-ABF8-C808B3E856CB/data/Containers/Data/Application/CEFAA2EF-6FFA-46DF-89E2-EA2E7A74F40E/Library/Cookies/Cookies.binarycookies
2015-04-22 09:37:06.613 TeacherNotepad2[9136:884855] Apache Cordova native platform version 3.8.0 is starting.
2015-04-22 09:37:06.613 TeacherNotepad2[9136:884855] Multi-tasking -> Device: YES, App: YES
2015-04-22 09:37:06.615 TeacherNotepad2[9136:884855] Unlimited access to network resources
2015-04-22 09:37:06.618 TeacherNotepad2[9136:884855] 

Started backup to iCloud! Please be careful.
Your application might be rejected by Apple if you store too much data.
For more information please read "iOS Data Storage Guidelines" at:
https://developer.apple.com/icloud/documentation/data-storage/
To disable web storage backup to iCloud, set the BackupWebStorage preference to "local" in the Cordova config.xml file

2015-04-22 09:37:06.929 TeacherNotepad2[9136:884855] Resetting plugins due to page load.
2015-04-22 09:37:07.365 TeacherNotepad2[9136:884855] Finished load of: file:///Users/johnfriedman/Library/Developer/CoreSimulator/Devices/0DCE7205-9A8E-46C0-ABF8-C808B3E856CB/data/Containers/Bundle/Application/2D3B0B6C-415D-497F-9111-61C530E1472C/TeacherNotepad2.app/www/index.html
2015-04-22 09:38:04.520 TeacherNotepad2[9136:884855] CDVWebViewDelegate: Navigation started when state=1
2015-04-22 09:38:04.520 TeacherNotepad2[9136:884855] Failed to load webpage with error: CDVWebViewDelegate: Navigation started when state=1
2015-04-22 09:38:37.346 TeacherNotepad2[9136:884855] CDVWebViewDelegate: Navigation started when state=1
2015-04-22 09:38:37.346 TeacherNotepad2[9136:884855] Failed to load webpage with error: CDVWebViewDelegate: Navigation started when state=1
2015-04-22 09:38:49.921 TeacherNotepad2[9136:884855] CDVWebViewDelegate: Navigation started when state=1
2015-04-22 09:38:49.921 TeacherNotepad2[9136:884855] Failed to load webpage with error: CDVWebViewDelegate: Navigation started when state=1
2015-04-22 09:39:41.741 TeacherNotepad2[9136:884855] CDVWebViewDelegate: Navigation started when state=1
2015-04-22 09:39:41.741 TeacherNotepad2[9136:884855] Failed to load webpage with error: CDVWebViewDelegate: Navigation started when state=1
2015-04-22 09:40:09.897 TeacherNotepad2[9136:884855] CDVWebViewDelegate: Navigation started when state=1
2015-04-22 09:40:09.897 TeacherNotepad2[9136:884855] Failed to load webpage with error: CDVWebViewDelegate: Navigation started when state=1
2015-04-22 09:44:24.573 TeacherNotepad2[9136:884855] CDVWebViewDelegate: Navigation started when state=1
2015-04-22 09:44:24.573 TeacherNotepad2[9136:884855] Failed to load webpage with error: CDVWebViewDelegate: Navigation started when state=1
2015-04-22 09:51:52.818 TeacherNotepad2[9136:888211] Terminating since there is no system app.
2015-04-22 10:27:50.025 TeacherNotepad2[9403:898254] DiskCookieStorage changing policy from 2 to 0, cookie file: file:///Users/johnfriedman/Library/Developer/CoreSimulator/Devices/0DCE7205-9A8E-46C0-ABF8-C808B3E856CB/data/Containers/Data/Application/F94B8CBE-C343-466B-A8F5-9FA11023BEE2/Library/Cookies/Cookies.binarycookies
2015-04-22 10:27:50.109 TeacherNotepad2[9403:898254] Apache Cordova native platform version 3.8.0 is starting.
2015-04-22 10:27:50.109 TeacherNotepad2[9403:898254] Multi-tasking -> Device: YES, App: YES
2015-04-22 10:27:50.128 TeacherNotepad2[9403:898254] Unlimited access to network resources
2015-04-22 10:27:50.138 TeacherNotepad2[9403:898254] 

Started backup to iCloud! Please be careful.
Your application might be rejected by Apple if you store too much data.
For more information please read "iOS Data Storage Guidelines" at:
https://developer.apple.com/icloud/documentation/data-storage/
To disable web storage backup to iCloud, set the BackupWebStorage preference to "local" in the Cordova config.xml file

2015-04-22 10:27:50.567 TeacherNotepad2[9403:898254] Resetting plugins due to page load.
2015-04-22 10:27:51.204 TeacherNotepad2[9403:898254] Finished load of: file:///Users/johnfriedman/Library/Developer/CoreSimulator/Devices/0DCE7205-9A8E-46C0-ABF8-C808B3E856CB/data/Containers/Bundle/Application/4B66D48B-DF2E-478C-A5EC-577037E7DDFC/TeacherNotepad2.app/www/index.html
2015-04-22 10:32:34.125 TeacherNotepad2[9403:902585] Communications error: <OS_xpc_error: <error: 0x2d625f4> { count = 1, contents =
	"XPCErrorDescription" => <string: 0x2d6283c> { length = 22, contents = "Connection interrupted" }
}>
2015-04-22 10:32:34.130 TeacherNotepad2[9403:902643] Terminating since there is no system app.
